No output defined! 
No output defined! 
Problem nr 1 out of 3
Warning: no output defined
DIIS has been notified
Your guess = 5.998799e+00 
it = 1 g = 6.705379e+00 
it = 2 g = 6.462237e+00 
it = 3 g = 1.059720e+01 
it = 4 g = 4.467361e+00 
it = 5 g = 4.409458e+00 
it = 6 g = 5.578247e+00 
it = 7 g = 4.417979e+00 
it = 8 g = 4.546916e+00 
it = 9 g = 3.444855e+00 
it = 10 g = 2.686430e+00 
it = 11 g = 2.687720e+00 
it = 12 g = 3.013598e+00 
it = 13 g = 5.826861e+00 
it = 14 g = 9.327397e+00 
it = 15 g = 5.441918e+00 
it = 16 g = 2.795519e+01 
it = 17 g = 2.389111e+01 
it = 18 g = 3.944061e+00 
it = 19 g = 3.029453e+00 
it = 20 g = 1.958988e+00 
it = 21 g = 2.366493e+00 
it = 22 g = 1.855176e+00 
it = 23 g = 2.129839e+00 
it = 24 g = 1.071557e+00 
it = 25 g = 1.365150e+00 
it = 26 g = 1.601687e+00 
it = 27 g = 2.207431e+00 
it = 28 g = 4.262455e-01 
it = 29 g = 4.112424e-01 
it = 30 g = 5.385070e-01 
it = 31 g = 3.619656e-01 
it = 32 g = 5.020776e-01 
it = 33 g = 6.106524e-01 
it = 34 g = 4.236402e-01 
it = 35 g = 3.071968e-01 
it = 36 g = 2.477780e-01 
it = 37 g = 1.697749e-01 
it = 38 g = 1.047542e-01 
it = 39 g = 2.044847e-02 
it = 40 g = 3.212621e-02 
it = 41 g = 2.452967e-02 
it = 42 g = 1.825040e-02 
it = 43 g = 5.008129e-03 
it = 44 g = 6.245028e-03 
it = 45 g = 3.827828e-03 
it = 46 g = 2.246298e-03 
it = 47 g = 1.670365e-03 
it = 48 g = 1.048101e-03 
it = 49 g = 7.445029e-04 
it = 50 g = 4.478818e-04 
it = 51 g = 3.872449e-04 
it = 52 g = 3.179698e-04 
it = 53 g = 2.821267e-04 
it = 54 g = 1.491762e-04 
it = 55 g = 1.258072e-04 
it = 56 g = 8.706391e-05 
it = 57 g = 7.420975e-05 
it = 58 g = 6.083518e-05 
it = 59 g = 4.586404e-05 
it = 60 g = 3.790446e-05 
it = 61 g = 2.286191e-05 
it = 62 g = 1.730212e-05 
it = 63 g = 1.474687e-05 
it = 64 g = 1.156704e-05 
it = 65 g = 9.011154e-06 
it = 66 g = 3.990103e-06 
it = 67 g = 3.042456e-06 
it = 68 g = 2.212357e-06 
it = 69 g = 1.994231e-06 
it = 70 g = 1.395925e-06 
it = 71 g = 1.117667e-06 
it = 72 g = 9.770868e-07 
it = 73 g = 6.997258e-07 
it = 74 g = 5.733314e-07 
it = 75 g = 3.510334e-07 
it = 76 g = 2.515681e-07 
it = 77 g = 1.604134e-07 
it = 78 g = 1.058890e-07 
it = 79 g = 7.415122e-08 
 problem solved
 That was easy.

free energy                 = -3.9572
grand potential             = -11.2058
free energy     (GP + n*mu) = -3.9572
Grand potential (F - n*mu)  = -11.2058
Problem nr 2 out of 3
DIIS has been notified
Your guess = 5.146586e+00 
it = 1 g = 6.625739e+00 
it = 2 g = 5.531175e+00 
it = 3 g = 8.257259e+00 
it = 4 g = 2.221448e+00 
it = 5 g = 2.207072e+00 
it = 6 g = 2.118120e+00 
it = 7 g = 5.828702e-01 
it = 8 g = 2.294696e-01 
it = 9 g = 1.508913e-01 
it = 10 g = 1.208136e-01 
it = 11 g = 2.747415e-01 
it = 12 g = 4.419943e-01 
it = 13 g = 1.563006e-01 
it = 14 g = 4.556621e-02 
it = 15 g = 1.232268e-02 
it = 16 g = 6.346191e-02 
it = 17 g = 2.858632e-02 
it = 18 g = 5.035524e-03 
it = 19 g = 5.612087e-03 
it = 20 g = 4.274776e-03 
it = 21 g = 3.623254e-03 
it = 22 g = 3.344857e-03 
it = 23 g = 3.291458e-03 
it = 24 g = 3.113997e-03 
it = 25 g = 2.936163e-03 
it = 26 g = 2.836919e-03 
it = 27 g = 2.785443e-03 
it = 28 g = 2.689353e-03 
it = 29 g = 2.653688e-03 
it = 30 g = 2.624682e-03 
it = 31 g = 2.587325e-03 
it = 32 g = 2.573789e-03 
it = 33 g = 2.526735e-03 
it = 34 g = 2.510090e-03 
it = 35 g = 2.486840e-03 
it = 36 g = 2.477157e-03 
it = 37 g = 2.464746e-03 
it = 38 g = 2.457237e-03 
it = 39 g = 2.470222e-03 
it = 40 g = 2.454306e-03 
it = 41 g = 2.446810e-03 
it = 42 g = 2.439306e-03 
it = 43 g = 2.428765e-03 
it = 44 g = 2.418548e-03 
it = 45 g = 2.424192e-03 
it = 46 g = 2.404616e-03 
it = 47 g = 2.517791e-03 
it = 48 g = 2.413200e-03 
it = 49 g = 2.418917e-03 
it = 50 g = 2.407443e-03 
it = 51 g = 2.391759e-03 
it = 52 g = 2.558831e-03 
it = 53 g = 2.431877e-03 
it = 54 g = 3.004958e-03 
it = 55 g = 3.276836e-03 
it = 56 g = 3.320809e-03 
it = 57 g = 3.118473e-03 
it = 58 g = 2.745561e-03 
it = 59 g = 2.358351e-03 
it = 60 g = 2.320406e-03 
it = 61 g = 2.330732e-03 
it = 62 g = 2.314217e-03 
it = 63 g = 2.311085e-03 
it = 64 g = 2.317663e-03 
it = 65 g = 3.888767e-03 
it = 66 g = 2.610210e-03 
it = 67 g = 2.294741e-03 
it = 68 g = 2.291807e-03 
it = 69 g = 2.290650e-03 
it = 70 g = 2.286473e-03 
it = 71 g = 2.280949e-03 
it = 72 g = 2.280635e-03 
it = 73 g = 2.289532e-03 
it = 74 g = 2.972409e-03 
it = 75 g = 4.530159e-03 
it = 76 g = 2.274564e-03 
it = 77 g = 4.475707e-03 
it = 78 g = 5.153331e-03 
it = 79 g = 5.946856e-03 
it = 80 g = 2.248045e-03 
it = 81 g = 2.252176e-03 
it = 82 g = 2.181144e-03 
it = 83 g = 2.325259e-03 
it = 84 g = 2.185930e-03 
it = 85 g = 2.247302e-03 
it = 86 g = 3.829030e-03 
it = 87 g = 3.206777e-03 
it = 88 g = 3.283434e-03 
it = 89 g = 4.058877e-03 
it = 90 g = 2.152501e-03 
it = 91 g = 2.140646e-03 
it = 92 g = 2.136884e-03 
it = 93 g = 2.130804e-03 
it = 94 g = 6.579676e-03 
it = 95 g = 3.785540e-03 
it = 96 g = 2.172328e-03 
it = 97 g = 5.369737e-03 
it = 98 g = 2.098520e-03 
it = 99 g = 2.090918e-03 
it = 100 g = 2.351163e-03 
it = 101 g = 2.164767e-03 
it = 102 g = 2.179856e-03 
it = 103 g = 2.058265e-03 
it = 104 g = 2.237481e-03 
it = 105 g = 3.261023e-03 
it = 106 g = 5.936994e-03 
it = 107 g = 8.582130e-03 
it = 108 g = 5.343380e-03 
it = 109 g = 9.550865e-03 
it = 110 g = 2.576509e-03 
it = 111 g = 2.390904e-03 
it = 112 g = 1.277015e-02 
it = 113 g = 1.049227e-02 
it = 114 g = 2.134541e-03 
it = 115 g = 1.980490e-03 
it = 116 g = 2.984191e-03 
it = 117 g = 9.824119e-03 
it = 118 g = 6.258340e-03 
it = 119 g = 8.357125e-03 
it = 120 g = 4.923462e-03 
it = 121 g = 1.309625e-02 
it = 122 g = 1.351951e-02 
it = 123 g = 1.399953e-02 
it = 124 g = 1.348270e-02 
it = 125 g = 8.522681e-03 
it = 126 g = 3.740389e-03 
it = 127 g = 2.587295e-03 
it = 128 g = 5.836680e-03 
it = 129 g = 1.239661e-02 
it = 130 g = 1.125969e-02 
it = 131 g = 1.324042e-02 
it = 132 g = 8.661975e-03 
it = 133 g = 1.531324e-02 
it = 134 g = 1.340943e-02 
it = 135 g = 1.551612e-02 
it = 136 g = 1.543755e-02 
it = 137 g = 1.306577e-02 
it = 138 g = 2.633261e-03 
it = 139 g = 2.114777e-03 
it = 140 g = 5.267647e-03 
it = 141 g = 5.486896e-03 
it = 142 g = 8.177866e-03 
it = 143 g = 2.145955e-03 
it = 144 g = 2.481769e-03 
it = 145 g = 3.041293e-03 
it = 146 g = 3.147744e-03 
it = 147 g = 2.250276e-03 
it = 148 g = 3.354495e-03 
it = 149 g = 2.039551e-03 
it = 150 g = 2.442525e-03 
it = 151 g = 1.106086e-02 
it = 152 g = 5.936953e-03 
it = 153 g = 1.031164e-02 
it = 154 g = 2.916523e-03 
it = 155 g = 2.158689e-03 
it = 156 g = 6.630141e-03 
it = 157 g = 1.254770e-02 
it = 158 g = 2.208715e-03 
it = 159 g = 2.646201e-03 
it = 160 g = 2.071270e-03 
it = 161 g = 2.032214e-03 
it = 162 g = 1.975606e-03 
it = 163 g = 2.277143e-03 
it = 164 g = 6.110921e-03 
it = 165 g = 1.793867e-02 
it = 166 g = 2.254671e-02 
it = 167 g = 2.181045e-02 
it = 168 g = 2.120624e-02 
it = 169 g = 2.144061e-02 
it = 170 g = 2.118744e-02 
it = 171 g = 1.833945e-02 
it = 172 g = 1.912756e-02 
it = 173 g = 2.288686e-02 
it = 174 g = 6.187313e-03 
it = 175 g = 4.823411e-03 
it = 176 g = 8.340993e-03 
it = 177 g = 1.478552e-02 
it = 178 g = 6.808788e-03 
it = 179 g = 7.412735e-03 
it = 180 g = 2.987179e-03 
it = 181 g = 2.898755e-03 
it = 182 g = 4.555669e-03 
it = 183 g = 2.773437e-03 
it = 184 g = 2.123523e-03 
it = 185 g = 2.235578e-03 
it = 186 g = 1.316765e-02 
it = 187 g = 1.417157e-02 
it = 188 g = 1.058305e-02 
it = 189 g = 3.453105e-03 
it = 190 g = 2.068749e-03 
it = 191 g = 2.579607e-03 
it = 192 g = 4.881395e-03 
it = 193 g = 6.665606e-03 
it = 194 g = 1.084893e-02 
it = 195 g = 8.114064e-03 
it = 196 g = 3.165545e-03 
it = 197 g = 3.523861e-03 
it = 198 g = 1.057829e-02 
it = 199 g = 9.648344e-03 
it = 200 g = 9.038175e-03 
it = 201 g = 1.937135e-03 
it = 202 g = 3.053622e-03 
it = 203 g = 1.664857e-02 
it = 204 g = 9.925700e-03 
it = 205 g = 4.045264e-03 
it = 206 g = 1.125178e-02 
it = 207 g = 1.133174e-02 
it = 208 g = 6.633654e-03 
it = 209 g = 1.248002e-02 
it = 210 g = 1.139976e-02 
it = 211 g = 1.158706e-02 
it = 212 g = 1.991133e-03 
it = 213 g = 3.848819e-03 
it = 214 g = 1.274663e-02 
it = 215 g = 1.333410e-02 
it = 216 g = 2.140841e-02 
it = 217 g = 3.151212e-02 
it = 218 g = 1.313134e-02 
it = 219 g = 3.246560e-02 
it = 220 g = 2.499413e-02 
it = 221 g = 1.475001e-02 
it = 222 g = 1.884828e-02 
it = 223 g = 2.714211e-02 
it = 224 g = 2.640279e-02 
it = 225 g = 2.384377e-02 
it = 226 g = 2.714184e-02 
it = 227 g = 3.629383e-03 
it = 228 g = 6.288655e-03 
it = 229 g = 3.165365e-03 
it = 230 g = 9.713197e-03 
it = 231 g = 9.296906e-03 
it = 232 g = 3.695542e-03 
it = 233 g = 3.476359e-03 
it = 234 g = 1.309509e-02 
it = 235 g = 2.427155e-02 
it = 236 g = 2.631639e-02 
it = 237 g = 1.383322e-02 
it = 238 g = 1.649892e-02 
it = 239 g = 1.495345e-02 
it = 240 g = 1.231625e-02 
it = 241 g = 1.130120e-02 
it = 242 g = 6.579537e-03 
it = 243 g = 9.855768e-03 
it = 244 g = 9.915792e-03 
it = 245 g = 3.146935e-03 
it = 246 g = 1.863047e-02 
it = 247 g = 5.055474e-03 
it = 248 g = 1.747441e-02 
it = 249 g = 1.079991e-02 
it = 250 g = 2.799967e-03 
it = 251 g = 2.470526e-02 
it = 252 g = 1.269024e-02 
it = 253 g = 2.965915e-02 
it = 254 g = 2.743372e-02 
it = 255 g = 3.059171e-02 
it = 256 g = 2.985250e-02 
it = 257 g = 3.781936e-02 
it = 258 g = 3.105754e-02 
it = 259 g = 2.185562e-02 
it = 260 g = 2.184085e-02 
it = 261 g = 2.530262e-02 
it = 262 g = 2.596873e-02 
it = 263 g = 1.934866e-02 
it = 264 g = 2.447462e-02 
it = 265 g = 1.664375e-02 
it = 266 g = 5.886700e-03 
it = 267 g = 1.368178e-02 
it = 268 g = 4.506862e-03 
it = 269 g = 1.197431e-02 
it = 270 g = 1.245279e-02 
it = 271 g = 1.799959e-02 
it = 272 g = 1.951383e-02 
it = 273 g = 2.293912e-02 
it = 274 g = 6.671397e-03 
it = 275 g = 7.146489e-03 
it = 276 g = 1.053403e-02 
it = 277 g = 1.319222e-02 
it = 278 g = 1.133128e-02 
it = 279 g = 1.054870e-02 
it = 280 g = 1.074564e-02 
it = 281 g = 3.919067e-03 
it = 282 g = 1.575057e-02 
it = 283 g = 1.831393e-02 
it = 284 g = 1.534715e-02 
it = 285 g = 1.319974e-02 
it = 286 g = 2.224174e-02 
it = 287 g = 7.688918e-03 
it = 288 g = 8.802355e-03 
it = 289 g = 8.368224e-03 
it = 290 g = 5.018312e-03 
it = 291 g = 2.261065e-03 
it = 292 g = 3.080637e-02 
it = 293 g = 2.030584e-02 
it = 294 g = 1.958448e-02 
it = 295 g = 1.774045e-02 
it = 296 g = 1.549963e-02 
it = 297 g = 1.223241e-02 
it = 298 g = 8.169319e-03 
it = 299 g = 6.424034e-02 
it = 300 g = 4.221757e-02 
it = 301 g = 9.446615e-03 
it = 302 g = 1.398168e-02 
it = 303 g = 1.924074e-02 
it = 304 g = 1.994384e-02 
it = 305 g = 1.101461e-02 
it = 306 g = 1.646807e-02 
it = 307 g = 2.120102e-02 
it = 308 g = 1.941030e-02 
it = 309 g = 2.162731e-02 
it = 310 g = 2.520195e-02 
it = 311 g = 1.378167e-02 
it = 312 g = 3.167118e-02 
it = 313 g = 6.460705e-02 
it = 314 g = 1.552491e-02 
it = 315 g = 1.811863e-02 
it = 316 g = 6.171387e-03 
it = 317 g = 3.971349e-02 
it = 318 g = 8.564891e-02 
it = 319 g = 3.823174e-02 
it = 320 g = 3.776673e-02 
it = 321 g = 2.524136e-02 
it = 322 g = 3.053226e-02 
it = 323 g = 2.925321e-02 
it = 324 g = 3.127884e-02 
it = 325 g = 2.458653e-02 
it = 326 g = 2.775225e-02 
it = 327 g = 3.209077e-02 
it = 328 g = 3.149638e-02 
it = 329 g = 3.208353e-02 
it = 330 g = 3.880851e-02 
it = 331 g = 1.872183e-02 
it = 332 g = 5.098830e-02 
it = 333 g = 2.232035e-03 
it = 334 g = 2.578074e-03 
it = 335 g = 1.000891e-02 
it = 336 g = 3.255959e-03 
it = 337 g = 2.366146e-03 
it = 338 g = 2.516464e-03 
it = 339 g = 2.092463e-03 
it = 340 g = 9.305426e-03 
it = 341 g = 2.583659e-03 
it = 342 g = 8.564716e-03 
it = 343 g = 1.942705e-02 
it = 344 g = 1.637429e-02 
it = 345 g = 1.679249e-02 
it = 346 g = 1.819196e-02 
it = 347 g = 2.294724e-02 
it = 348 g = 2.288711e-02 
it = 349 g = 1.894571e-02 
it = 350 g = 2.007053e-02 
it = 351 g = 9.952346e-03 
it = 352 g = 2.967864e-03 
it = 353 g = 7.231954e-03 
it = 354 g = 2.708881e-03 
it = 355 g = 2.252091e-03 
it = 356 g = 3.893431e-03 
it = 357 g = 7.271645e-03 
it = 358 g = 1.648374e-02 
it = 359 g = 1.381334e-02 
it = 360 g = 1.069253e-02 
it = 361 g = 5.644665e-03 
it = 362 g = 2.045410e-02 
it = 363 g = 4.419115e-03 
it = 364 g = 1.015548e-02 
it = 365 g = 1.213786e-02 
it = 366 g = 1.070874e-02 
it = 367 g = 1.059916e-02 
it = 368 g = 1.036499e-02 
it = 369 g = 1.029581e-02 
it = 370 g = 8.678522e-03 
it = 371 g = 9.404507e-03 
it = 372 g = 1.181467e-02 
it = 373 g = 1.031062e-02 
it = 374 g = 3.585196e-03 
it = 375 g = 5.162875e-03 
it = 376 g = 1.878104e-03 
it = 377 g = 1.891091e-03 
it = 378 g = 2.608398e-03 
it = 379 g = 2.304812e-03 
it = 380 g = 1.925258e-03 
it = 381 g = 3.053478e-03 
it = 382 g = 2.164462e-03 
it = 383 g = 2.355667e-03 
it = 384 g = 2.064793e-03 
it = 385 g = 5.974833e-03 
it = 386 g = 3.644573e-03 
it = 387 g = 2.587426e-03 
it = 388 g = 2.355012e-03 
it = 389 g = 2.320036e-03 
it = 390 g = 2.239050e-03 
it = 391 g = 1.876885e-03 
it = 392 g = 1.794432e-03 
it = 393 g = 1.775648e-03 
it = 394 g = 1.887593e-03 
it = 395 g = 1.755053e-03 
it = 396 g = 1.740078e-03 
it = 397 g = 2.071800e-03 
it = 398 g = 2.720266e-03 
it = 399 g = 2.446579e-03 
it = 400 g = 1.793600e-03 
it = 401 g = 1.731381e-03 
it = 402 g = 3.695594e-03 
it = 403 g = 2.703490e-03 
it = 404 g = 2.068674e-03 
it = 405 g = 2.007811e-03 
it = 406 g = 2.012202e-03 
it = 407 g = 5.213042e-03 
it = 408 g = 1.949071e-03 
it = 409 g = 2.111212e-03 
it = 410 g = 5.493832e-03 
it = 411 g = 1.648916e-03 
it = 412 g = 6.907450e-03 
it = 413 g = 3.510550e-03 
it = 414 g = 1.894955e-03 
it = 415 g = 4.481676e-03 
it = 416 g = 4.722307e-03 
it = 417 g = 3.185412e-03 
it = 418 g = 8.140546e-03 
it = 419 g = 1.692229e-03 
it = 420 g = 2.148329e-03 
it = 421 g = 1.764662e-03 
it = 422 g = 1.701609e-03 
it = 423 g = 3.874796e-03 
it = 424 g = 1.582329e-03 
it = 425 g = 1.655728e-03 
it = 426 g = 1.883121e-03 
it = 427 g = 2.599363e-03 
it = 428 g = 2.951294e-03 
it = 429 g = 1.687255e-03 
it = 430 g = 1.532294e-03 
it = 431 g = 1.515038e-03 
it = 432 g = 1.906106e-03 
it = 433 g = 6.994087e-03 
it = 434 g = 7.606342e-03 
it = 435 g = 1.554753e-03 
it = 436 g = 1.572513e-03 
it = 437 g = 2.029886e-03 
it = 438 g = 1.747273e-03 
it = 439 g = 4.256411e-03 
it = 440 g = 2.067410e-03 
it = 441 g = 4.973867e-03 
it = 442 g = 2.217619e-03 
it = 443 g = 2.094536e-03 
it = 444 g = 4.842539e-03 
it = 445 g = 4.205720e-03 
it = 446 g = 3.560184e-03 
it = 447 g = 7.980810e-03 
it = 448 g = 1.477041e-03 
it = 449 g = 5.697550e-03 
it = 450 g = 2.022927e-03 
it = 451 g = 2.399015e-03 
it = 452 g = 6.669167e-03 
it = 453 g = 2.090998e-02 
it = 454 g = 1.831584e-03 
it = 455 g = 1.863820e-03 
it = 456 g = 2.724473e-03 
it = 457 g = 3.455390e-03 
it = 458 g = 9.117130e-03 
it = 459 g = 1.518904e-02 
it = 460 g = 1.386540e-02 
it = 461 g = 1.953430e-02 
it = 462 g = 1.702066e-02 
it = 463 g = 1.787180e-02 
it = 464 g = 8.545127e-03 
it = 465 g = 1.674811e-02 
it = 466 g = 1.837401e-02 
it = 467 g = 1.602474e-02 
it = 468 g = 1.380978e-03 
it = 469 g = 1.673631e-03 
it = 470 g = 1.719871e-03 
it = 471 g = 2.057826e-03 
it = 472 g = 7.738735e-03 
it = 473 g = 9.534836e-03 
it = 474 g = 8.400735e-03 
it = 475 g = 1.081839e-02 
it = 476 g = 1.449420e-02 
it = 477 g = 8.456119e-03 
it = 478 g = 1.441586e-02 
it = 479 g = 1.220556e-02 
it = 480 g = 1.451116e-02 
it = 481 g = 5.157552e-03 
it = 482 g = 3.552339e-03 
it = 483 g = 1.328145e-02 
it = 484 g = 1.261363e-02 
it = 485 g = 8.137596e-03 
it = 486 g = 4.097258e-03 
it = 487 g = 1.019252e-02 
it = 488 g = 1.055302e-02 
it = 489 g = 1.757446e-03 
it = 490 g = 1.200903e-02 
it = 491 g = 1.562080e-03 
it = 492 g = 1.954120e-03 
it = 493 g = 1.228267e-03 
it = 494 g = 4.203694e-03 
it = 495 g = 3.119276e-03 
it = 496 g = 4.159033e-03 
it = 497 g = 1.286979e-03 
it = 498 g = 1.287376e-03 
it = 499 g = 1.197014e-03 
it = 500 g = 1.384365e-03 
it = 501 g = 1.320230e-03 
it = 502 g = 1.466258e-03 
it = 503 g = 1.548799e-03 
it = 504 g = 1.245110e-03 
it = 505 g = 1.184513e-03 
it = 506 g = 4.227730e-03 
it = 507 g = 1.163310e-03 
it = 508 g = 1.188524e-03 
it = 509 g = 1.167603e-03 
it = 510 g = 1.152340e-03 
it = 511 g = 1.150141e-03 
it = 512 g = 1.358805e-03 
it = 513 g = 1.153444e-03 
it = 514 g = 3.423513e-03 
it = 515 g = 6.103404e-03 
it = 516 g = 2.498609e-03 
it = 517 g = 1.228353e-03 
it = 518 g = 1.215186e-03 
it = 519 g = 5.902743e-03 
it = 520 g = 6.784032e-03 
it = 521 g = 6.766634e-03 
it = 522 g = 6.767559e-03 
it = 523 g = 7.844168e-03 
it = 524 g = 8.629687e-03 
it = 525 g = 5.300522e-03 
it = 526 g = 7.367840e-03 
it = 527 g = 2.500131e-03 
it = 528 g = 1.361572e-03 
it = 529 g = 1.394547e-03 
it = 530 g = 1.769990e-03 
it = 531 g = 2.526395e-03 
it = 532 g = 5.137104e-03 
it = 533 g = 1.321653e-02 
it = 534 g = 9.127260e-03 
it = 535 g = 6.693790e-03 
it = 536 g = 6.251975e-03 
it = 537 g = 5.785550e-03 
it = 538 g = 5.061046e-03 
it = 539 g = 5.746183e-03 
it = 540 g = 6.100393e-03 
it = 541 g = 6.551037e-03 
it = 542 g = 1.790872e-03 
it = 543 g = 3.325025e-03 
it = 544 g = 5.041159e-03 
it = 545 g = 2.811207e-03 
it = 546 g = 3.685936e-03 
it = 547 g = 4.793548e-03 
it = 548 g = 4.513835e-03 
it = 549 g = 4.348728e-03 
it = 550 g = 4.291606e-03 
it = 551 g = 4.496421e-03 
it = 552 g = 4.552536e-03 
it = 553 g = 1.474679e-03 
it = 554 g = 2.430560e-03 
it = 555 g = 7.310400e-03 
it = 556 g = 1.814291e-03 
it = 557 g = 7.326779e-03 
it = 558 g = 7.817615e-03 
it = 559 g = 9.002699e-03 
it = 560 g = 8.719672e-03 
it = 561 g = 8.868274e-03 
it = 562 g = 1.062029e-02 
it = 563 g = 7.530640e-03 
it = 564 g = 1.072906e-03 
it = 565 g = 1.088922e-03 
it = 566 g = 1.140740e-03 
it = 567 g = 1.110224e-03 
it = 568 g = 7.691487e-03 
it = 569 g = 7.682761e-03 
it = 570 g = 8.266505e-03 
it = 571 g = 1.008561e-02 
it = 572 g = 4.817222e-03 
it = 573 g = 4.617288e-03 
it = 574 g = 5.496656e-03 
it = 575 g = 4.422658e-03 
it = 576 g = 5.024068e-03 
it = 577 g = 5.418586e-03 
it = 578 g = 1.370679e-03 
it = 579 g = 1.036526e-02 
it = 580 g = 6.584986e-03 
it = 581 g = 9.648779e-03 
it = 582 g = 2.496951e-03 
it = 583 g = 2.139994e-03 
it = 584 g = 1.076147e-03 
it = 585 g = 1.046748e-03 
it = 586 g = 6.460628e-03 
it = 587 g = 1.109294e-02 
it = 588 g = 2.403185e-03 
it = 589 g = 5.505893e-03 
it = 590 g = 7.092091e-03 
it = 591 g = 8.489911e-03 
it = 592 g = 2.151968e-02 
it = 593 g = 3.348254e-02 
it = 594 g = 1.660355e-02 
it = 595 g = 1.361814e-02 
it = 596 g = 2.557665e-03 
it = 597 g = 3.594591e-03 
it = 598 g = 2.392718e-03 
it = 599 g = 4.704094e-03 
it = 600 g = 9.746872e-04 
it = 601 g = 5.797533e-03 
it = 602 g = 3.663416e-03 
it = 603 g = 4.111985e-03 
it = 604 g = 7.298458e-03 
it = 605 g = 4.150290e-03 
it = 606 g = 8.011299e-03 
it = 607 g = 1.317229e-03 
it = 608 g = 2.055073e-03 
it = 609 g = 1.751278e-03 
it = 610 g = 2.170802e-03 
it = 611 g = 1.958636e-03 
it = 612 g = 1.801357e-03 
it = 613 g = 3.758249e-03 
it = 614 g = 2.550850e-03 
it = 615 g = 1.128354e-03 
it = 616 g = 1.460887e-03 
it = 617 g = 9.649112e-04 
it = 618 g = 8.829830e-04 
it = 619 g = 1.169171e-03 
it = 620 g = 9.358488e-04 
it = 621 g = 1.498108e-03 
it = 622 g = 1.932144e-03 
it = 623 g = 1.646171e-03 
it = 624 g = 8.368283e-04 
it = 625 g = 8.136210e-04 
it = 626 g = 8.367337e-04 
it = 627 g = 8.084619e-04 
it = 628 g = 1.090302e-03 
it = 629 g = 2.071650e-03 
it = 630 g = 9.967613e-04 
it = 631 g = 8.799552e-04 
it = 632 g = 8.363197e-04 
it = 633 g = 8.114355e-04 
it = 634 g = 1.074320e-03 
it = 635 g = 1.030057e-03 
it = 636 g = 1.989851e-03 
it = 637 g = 4.707520e-03 
it = 638 g = 4.503863e-03 
it = 639 g = 1.243470e-02 
it = 640 g = 7.910374e-03 
it = 641 g = 1.102430e-02 
it = 642 g = 1.127369e-02 
it = 643 g = 1.264498e-02 
it = 644 g = 5.089463e-03 
it = 645 g = 6.695294e-03 
it = 646 g = 2.819684e-03 
it = 647 g = 2.876439e-03 
it = 648 g = 7.544503e-04 
it = 649 g = 7.649207e-03 
it = 650 g = 1.003239e-02 
it = 651 g = 1.125672e-02 
it = 652 g = 1.141413e-02 
it = 653 g = 1.115060e-02 
it = 654 g = 1.071438e-02 
it = 655 g = 6.419248e-03 
it = 656 g = 1.309503e-02 
it = 657 g = 8.582294e-03 
it = 658 g = 7.583708e-04 
it = 659 g = 7.276887e-04 
it = 660 g = 2.067091e-03 
it = 661 g = 1.080142e-02 
it = 662 g = 1.563990e-02 
it = 663 g = 1.486067e-02 
it = 664 g = 1.569892e-02 
it = 665 g = 1.549779e-02 
it = 666 g = 1.571000e-02 
it = 667 g = 1.683169e-02 
it = 668 g = 1.667857e-02 
it = 669 g = 1.161278e-02 
it = 670 g = 1.225320e-02 
it = 671 g = 6.864243e-03 
it = 672 g = 1.016054e-02 
it = 673 g = 1.255531e-02 
it = 674 g = 1.431527e-02 
it = 675 g = 1.142333e-02 
it = 676 g = 1.307304e-02 
it = 677 g = 1.294746e-02 
it = 678 g = 1.229767e-02 
it = 679 g = 1.353611e-02 
it = 680 g = 1.260380e-02 
it = 681 g = 1.635634e-02 
it = 682 g = 1.755379e-02 
it = 683 g = 1.492395e-02 
it = 684 g = 1.577288e-02 
it = 685 g = 1.253165e-02 
it = 686 g = 1.521431e-02 
it = 687 g = 1.364134e-02 
it = 688 g = 1.216230e-02 
it = 689 g = 1.157525e-02 
it = 690 g = 1.351986e-02 
it = 691 g = 1.171393e-02 
it = 692 g = 1.365208e-02 
it = 693 g = 1.403107e-03 
it = 694 g = 1.349043e-03 
it = 695 g = 6.163541e-03 
it = 696 g = 9.088829e-03 
it = 697 g = 4.472764e-03 
it = 698 g = 6.903190e-03 
it = 699 g = 1.474606e-02 
it = 700 g = 5.415906e-03 
it = 701 g = 1.100711e-02 
it = 702 g = 6.060361e-03 
it = 703 g = 1.292824e-03 
it = 704 g = 7.652414e-04 
it = 705 g = 6.464549e-04 
it = 706 g = 3.476348e-03 
it = 707 g = 3.074027e-03 
it = 708 g = 3.393156e-03 
it = 709 g = 5.713732e-03 
it = 710 g = 2.607537e-03 
it = 711 g = 3.938568e-03 
it = 712 g = 9.997745e-04 
it = 713 g = 6.338297e-04 
it = 714 g = 9.037683e-04 
it = 715 g = 6.320683e-04 
it = 716 g = 6.374565e-04 
it = 717 g = 6.417980e-04 
it = 718 g = 2.505005e-03 
it = 719 g = 4.708069e-03 
it = 720 g = 7.972337e-04 
it = 721 g = 5.670087e-04 
it = 722 g = 6.633139e-04 
it = 723 g = 7.047194e-04 
it = 724 g = 5.319506e-04 
it = 725 g = 8.660050e-04 
it = 726 g = 5.148819e-04 
it = 727 g = 4.995291e-04 
it = 728 g = 5.486349e-04 
it = 729 g = 2.546720e-03 
it = 730 g = 7.271924e-04 
it = 731 g = 4.713217e-04 
it = 732 g = 1.620648e-03 
it = 733 g = 5.996295e-04 
it = 734 g = 6.945396e-04 
it = 735 g = 4.362138e-04 
it = 736 g = 5.848552e-04 
it = 737 g = 1.444690e-03 
it = 738 g = 7.472410e-04 
it = 739 g = 1.271968e-03 
it = 740 g = 1.519546e-03 
it = 741 g = 6.812462e-04 
it = 742 g = 5.914783e-04 
it = 743 g = 4.951565e-03 
it = 744 g = 2.089763e-03 
it = 745 g = 6.980607e-04 
it = 746 g = 4.055575e-04 
it = 747 g = 4.329276e-04 
it = 748 g = 7.987884e-04 
it = 749 g = 1.994976e-03 
it = 750 g = 6.604420e-04 
it = 751 g = 4.477480e-04 
it = 752 g = 2.863385e-04 
it = 753 g = 5.493683e-04 
it = 754 g = 3.943403e-04 
it = 755 g = 2.719919e-04 
it = 756 g = 5.854684e-04 
it = 757 g = 4.645116e-04 
it = 758 g = 2.879083e-04 
it = 759 g = 3.056647e-04 
it = 760 g = 5.207257e-04 
it = 761 g = 3.986536e-04 
it = 762 g = 5.074338e-04 
it = 763 g = 3.335013e-04 
it = 764 g = 5.123835e-04 
it = 765 g = 3.169988e-04 
it = 766 g = 2.167109e-04 
it = 767 g = 2.323823e-04 
it = 768 g = 2.052031e-04 
it = 769 g = 3.545503e-04 
it = 770 g = 2.549782e-04 
it = 771 g = 7.148056e-04 
it = 772 g = 2.845327e-04 
it = 773 g = 3.909614e-04 
it = 774 g = 1.716615e-04 
it = 775 g = 5.470366e-04 
it = 776 g = 2.843623e-04 
it = 777 g = 4.603383e-04 
it = 778 g = 9.608466e-04 
it = 779 g = 7.589292e-04 
it = 780 g = 5.200950e-04 
it = 781 g = 3.950846e-04 
it = 782 g = 1.487808e-04 
it = 783 g = 2.164514e-04 
it = 784 g = 1.126171e-04 
it = 785 g = 1.145840e-04 
it = 786 g = 1.195417e-04 
it = 787 g = 1.100879e-04 
it = 788 g = 1.321470e-04 
it = 789 g = 6.234886e-04 
it = 790 g = 1.363991e-04 
it = 791 g = 3.045677e-04 
it = 792 g = 1.569715e-04 
it = 793 g = 3.783741e-04 
it = 794 g = 2.317889e-04 
it = 795 g = 1.576961e-04 
it = 796 g = 8.776262e-05 
it = 797 g = 8.065152e-05 
it = 798 g = 3.402499e-04 
it = 799 g = 3.889433e-04 
it = 800 g = 2.812712e-04 
it = 801 g = 2.422690e-04 
it = 802 g = 2.196905e-04 
it = 803 g = 6.871560e-05 
it = 804 g = 6.009546e-05 
it = 805 g = 1.085406e-04 
it = 806 g = 3.185554e-04 
it = 807 g = 4.594054e-04 
it = 808 g = 1.251786e-04 
it = 809 g = 1.776165e-04 
it = 810 g = 3.316606e-05 
it = 811 g = 4.005139e-05 
it = 812 g = 5.713567e-05 
it = 813 g = 2.337599e-05 
it = 814 g = 1.976565e-05 
it = 815 g = 1.995337e-05 
it = 816 g = 4.154208e-05 
it = 817 g = 4.932686e-05 
it = 818 g = 1.483682e-05 
it = 819 g = 1.272171e-05 
it = 820 g = 1.181628e-05 
it = 821 g = 1.042491e-05 
it = 822 g = 9.606408e-06 
it = 823 g = 9.241163e-06 
it = 824 g = 8.989005e-06 
it = 825 g = 8.199482e-06 
it = 826 g = 7.333318e-06 
it = 827 g = 7.045543e-06 
it = 828 g = 6.944472e-06 
it = 829 g = 6.616673e-06 
it = 830 g = 6.306269e-06 
it = 831 g = 6.185410e-06 
it = 832 g = 6.104992e-06 
it = 833 g = 5.955599e-06 
it = 834 g = 5.682939e-06 
it = 835 g = 5.536702e-06 
it = 836 g = 5.389460e-06 
it = 837 g = 5.267899e-06 
it = 838 g = 5.075032e-06 
it = 839 g = 4.994074e-06 
it = 840 g = 4.886886e-06 
it = 841 g = 4.801377e-06 
it = 842 g = 4.763989e-06 
it = 843 g = 4.746344e-06 
it = 844 g = 4.730166e-06 
it = 845 g = 4.677662e-06 
it = 846 g = 4.668513e-06 
it = 847 g = 4.647446e-06 
it = 848 g = 4.627519e-06 
it = 849 g = 4.600715e-06 
it = 850 g = 4.547117e-06 
it = 851 g = 4.537394e-06 
it = 852 g = 4.514067e-06 
it = 853 g = 4.461090e-06 
it = 854 g = 4.413797e-06 
it = 855 g = 4.401849e-06 
it = 856 g = 4.369645e-06 
it = 857 g = 4.289217e-06 
it = 858 g = 4.256730e-06 
it = 859 g = 4.163415e-06 
it = 860 g = 3.970789e-06 
it = 861 g = 3.765632e-06 
it = 862 g = 3.560611e-06 
it = 863 g = 3.485538e-06 
it = 864 g = 3.313515e-06 
it = 865 g = 3.207502e-06 
it = 866 g = 3.025553e-06 
it = 867 g = 2.937038e-06 
it = 868 g = 2.806796e-06 
it = 869 g = 2.600018e-06 
it = 870 g = 2.470672e-06 
it = 871 g = 2.323706e-06 
it = 872 g = 2.257318e-06 
it = 873 g = 2.196395e-06 
it = 874 g = 2.131899e-06 
it = 875 g = 1.929088e-06 
it = 876 g = 1.780581e-06 
it = 877 g = 1.628315e-06 
it = 878 g = 1.536695e-06 
it = 879 g = 1.366800e-06 
it = 880 g = 1.303478e-06 
it = 881 g = 1.183574e-06 
it = 882 g = 1.119403e-06 
it = 883 g = 1.063460e-06 
it = 884 g = 9.373470e-07 
it = 885 g = 8.863105e-07 
it = 886 g = 8.654715e-07 
it = 887 g = 7.838534e-07 
it = 888 g = 7.006760e-07 
it = 889 g = 6.477831e-07 
it = 890 g = 5.968106e-07 
it = 891 g = 4.910104e-07 
it = 892 g = 4.406935e-07 
it = 893 g = 2.901407e-07 
it = 894 g = 2.601161e-07 
it = 895 g = 2.509192e-07 
it = 896 g = 2.377174e-07 
it = 897 g = 2.220775e-07 
it = 898 g = 1.939769e-07 
it = 899 g = 1.741153e-07 
it = 900 g = 1.563610e-07 
it = 901 g = 1.493421e-07 
it = 902 g = 1.368430e-07 
it = 903 g = 1.303110e-07 
it = 904 g = 1.200980e-07 
it = 905 g = 1.136793e-07 
it = 906 g = 1.064978e-07 
it = 907 g = 1.006207e-07 
it = 908 g = 8.856462e-08 
 problem solved
That will do.

free energy                 = -6.22816
grand potential             = 2.81652e-05
free energy     (GP + n*mu) = -6.22816
Grand potential (F - n*mu)  = 2.81663e-05
Problem nr 3 out of 3
DIIS has been notified
Your guess = 1.009908e-01 
it = 1 g = 1.410647e-01 
it = 2 g = 1.170678e-01 
it = 3 g = 4.002977e-02 
it = 4 g = 1.690766e-02 
it = 5 g = 1.452027e-02 
it = 6 g = 1.281260e-02 
it = 7 g = 2.033631e-03 
it = 8 g = 2.220799e-03 
it = 9 g = 1.209507e-03 
it = 10 g = 7.660657e-04 
it = 11 g = 1.081532e-03 
it = 12 g = 9.490681e-04 
it = 13 g = 7.254446e-04 
it = 14 g = 7.241255e-04 
it = 15 g = 7.235406e-04 
it = 16 g = 7.182083e-04 
it = 17 g = 7.112810e-04 
it = 18 g = 7.064149e-04 
it = 19 g = 6.985544e-04 
it = 20 g = 6.974177e-04 
it = 21 g = 6.961504e-04 
it = 22 g = 7.076641e-04 
it = 23 g = 7.603480e-04 
it = 24 g = 7.698159e-04 
it = 25 g = 6.909897e-04 
it = 26 g = 6.736316e-04 
it = 27 g = 6.915384e-04 
it = 28 g = 9.113692e-04 
it = 29 g = 1.027039e-03 
it = 30 g = 6.517414e-04 
it = 31 g = 6.645143e-04 
it = 32 g = 8.597583e-04 
it = 33 g = 6.349044e-04 
it = 34 g = 6.808800e-04 
it = 35 g = 6.348547e-04 
it = 36 g = 9.862556e-04 
it = 37 g = 1.019976e-03 
it = 38 g = 6.891982e-04 
it = 39 g = 5.654240e-04 
it = 40 g = 5.952824e-04 
it = 41 g = 1.282309e-03 
it = 42 g = 6.983750e-04 
it = 43 g = 6.025779e-04 
it = 44 g = 5.568293e-04 
it = 45 g = 1.229528e-03 
it = 46 g = 8.417751e-04 
it = 47 g = 5.484249e-04 
it = 48 g = 5.362622e-04 
it = 49 g = 5.171671e-04 
it = 50 g = 5.409906e-04 
it = 51 g = 5.331734e-04 
it = 52 g = 4.810136e-04 
it = 53 g = 4.897134e-04 
it = 54 g = 1.623191e-03 
it = 55 g = 1.461716e-03 
it = 56 g = 5.569375e-04 
it = 57 g = 4.412884e-04 
it = 58 g = 1.216221e-03 
it = 59 g = 4.504026e-04 
it = 60 g = 4.384532e-04 
it = 61 g = 4.299724e-04 
it = 62 g = 4.865289e-04 
it = 63 g = 1.356149e-03 
it = 64 g = 4.195625e-04 
it = 65 g = 8.498451e-04 
it = 66 g = 4.241515e-04 
it = 67 g = 1.405821e-03 
it = 68 g = 4.059206e-04 
it = 69 g = 4.176780e-04 
it = 70 g = 2.178920e-03 
it = 71 g = 3.377399e-04 
it = 72 g = 3.264718e-04 
it = 73 g = 3.955752e-04 
it = 74 g = 1.949349e-03 
it = 75 g = 1.347572e-03 
it = 76 g = 1.459344e-03 
it = 77 g = 2.954748e-04 
it = 78 g = 7.634622e-04 
it = 79 g = 1.995039e-03 
it = 80 g = 2.652139e-04 
it = 81 g = 7.634195e-04 
it = 82 g = 6.233075e-04 
it = 83 g = 2.915952e-04 
it = 84 g = 2.454557e-04 
it = 85 g = 2.987867e-04 
it = 86 g = 1.292067e-03 
it = 87 g = 2.382964e-04 
it = 88 g = 4.371262e-04 
it = 89 g = 2.268634e-04 
it = 90 g = 4.247609e-04 
it = 91 g = 1.932773e-04 
it = 92 g = 1.875419e-04 
it = 93 g = 2.814090e-04 
it = 94 g = 1.371743e-03 
it = 95 g = 6.678846e-04 
it = 96 g = 1.759659e-04 
it = 97 g = 3.034705e-04 
it = 98 g = 1.732658e-04 
it = 99 g = 2.970439e-04 
it = 100 g = 2.553690e-04 
it = 101 g = 1.623970e-04 
it = 102 g = 1.665280e-04 
it = 103 g = 1.985008e-04 
it = 104 g = 1.483485e-04 
it = 105 g = 2.824681e-04 
it = 106 g = 1.372745e-04 
it = 107 g = 2.446456e-04 
it = 108 g = 6.604063e-04 
it = 109 g = 1.697269e-04 
it = 110 g = 5.587364e-04 
it = 111 g = 1.452171e-04 
it = 112 g = 3.724067e-04 
it = 113 g = 2.913866e-04 
it = 114 g = 7.079301e-04 
it = 115 g = 6.121114e-04 
it = 116 g = 3.002424e-04 
it = 117 g = 8.833634e-05 
it = 118 g = 3.320852e-04 
it = 119 g = 1.002843e-03 
it = 120 g = 7.391168e-04 
it = 121 g = 7.609029e-05 
it = 122 g = 5.540725e-04 
it = 123 g = 7.986821e-05 
it = 124 g = 1.225922e-04 
it = 125 g = 6.423499e-05 
it = 126 g = 6.106812e-05 
it = 127 g = 1.897192e-04 
it = 128 g = 7.059175e-05 
it = 129 g = 1.694176e-04 
it = 130 g = 1.341813e-04 
it = 131 g = 2.444856e-04 
it = 132 g = 1.864518e-04 
it = 133 g = 3.336531e-05 
it = 134 g = 3.856242e-05 
it = 135 g = 1.003626e-04 
it = 136 g = 9.386041e-05 
it = 137 g = 1.373066e-04 
it = 138 g = 2.314155e-05 
it = 139 g = 2.258295e-05 
it = 140 g = 5.361959e-05 
it = 141 g = 2.145237e-05 
it = 142 g = 1.632152e-05 
it = 143 g = 1.637394e-05 
it = 144 g = 1.569099e-05 
it = 145 g = 2.128410e-05 
it = 146 g = 2.803068e-05 
it = 147 g = 1.183702e-05 
it = 148 g = 1.100188e-05 
it = 149 g = 1.048931e-05 
it = 150 g = 1.017490e-05 
it = 151 g = 9.544097e-06 
it = 152 g = 9.166066e-06 
it = 153 g = 9.041449e-06 
it = 154 g = 8.538276e-06 
it = 155 g = 7.599433e-06 
it = 156 g = 7.109622e-06 
it = 157 g = 6.177157e-06 
it = 158 g = 5.693927e-06 
it = 159 g = 5.493574e-06 
it = 160 g = 5.297534e-06 
it = 161 g = 5.146232e-06 
it = 162 g = 4.192739e-06 
it = 163 g = 3.781744e-06 
it = 164 g = 3.678653e-06 
it = 165 g = 3.355063e-06 
it = 166 g = 2.863409e-06 
it = 167 g = 2.692845e-06 
it = 168 g = 2.608220e-06 
it = 169 g = 2.479368e-06 
it = 170 g = 2.152130e-06 
it = 171 g = 1.975740e-06 
it = 172 g = 1.879870e-06 
it = 173 g = 1.681204e-06 
it = 174 g = 1.547887e-06 
it = 175 g = 1.454293e-06 
it = 176 g = 1.355576e-06 
it = 177 g = 1.244539e-06 
it = 178 g = 1.125983e-06 
it = 179 g = 1.061980e-06 
it = 180 g = 1.028787e-06 
it = 181 g = 9.492977e-07 
it = 182 g = 8.992992e-07 
it = 183 g = 8.751138e-07 
it = 184 g = 8.239066e-07 
it = 185 g = 7.830753e-07 
it = 186 g = 7.578953e-07 
it = 187 g = 7.167832e-07 
it = 188 g = 6.972500e-07 
it = 189 g = 6.756481e-07 
it = 190 g = 6.516744e-07 
it = 191 g = 6.439228e-07 
it = 192 g = 6.401542e-07 
it = 193 g = 6.335693e-07 
it = 194 g = 6.295079e-07 
it = 195 g = 6.257849e-07 
it = 196 g = 6.171596e-07 
it = 197 g = 6.064598e-07 
it = 198 g = 5.916951e-07 
it = 199 g = 5.871447e-07 
it = 200 g = 5.826292e-07 
it = 201 g = 5.771491e-07 
it = 202 g = 5.670784e-07 
it = 203 g = 5.524058e-07 
it = 204 g = 5.372053e-07 
it = 205 g = 5.244107e-07 
it = 206 g = 5.177319e-07 
it = 207 g = 4.931645e-07 
it = 208 g = 4.765559e-07 
it = 209 g = 4.611231e-07 
it = 210 g = 4.538862e-07 
it = 211 g = 4.420673e-07 
it = 212 g = 4.343342e-07 
it = 213 g = 4.121066e-07 
it = 214 g = 3.831049e-07 
it = 215 g = 3.640559e-07 
it = 216 g = 3.475959e-07 
it = 217 g = 3.365747e-07 
it = 218 g = 3.114711e-07 
it = 219 g = 2.970816e-07 
it = 220 g = 2.878285e-07 
it = 221 g = 2.812643e-07 
it = 222 g = 2.739661e-07 
it = 223 g = 2.666692e-07 
it = 224 g = 2.556132e-07 
it = 225 g = 2.423211e-07 
it = 226 g = 2.380314e-07 
it = 227 g = 2.318624e-07 
it = 228 g = 2.276312e-07 
it = 229 g = 2.220711e-07 
it = 230 g = 2.176453e-07 
it = 231 g = 2.126787e-07 
it = 232 g = 2.079349e-07 
it = 233 g = 2.053336e-07 
it = 234 g = 1.998548e-07 
it = 235 g = 1.924357e-07 
it = 236 g = 1.861752e-07 
it = 237 g = 1.844158e-07 
it = 238 g = 1.812318e-07 
it = 239 g = 1.772504e-07 
it = 240 g = 1.732109e-07 
it = 241 g = 1.714130e-07 
it = 242 g = 1.678795e-07 
it = 243 g = 1.633392e-07 
it = 244 g = 1.616799e-07 
it = 245 g = 1.563116e-07 
it = 246 g = 1.518651e-07 
it = 247 g = 1.491643e-07 
it = 248 g = 1.470078e-07 
it = 249 g = 1.453121e-07 
it = 250 g = 1.423466e-07 
it = 251 g = 1.392058e-07 
it = 252 g = 1.365187e-07 
it = 253 g = 1.340308e-07 
it = 254 g = 1.305939e-07 
it = 255 g = 1.287116e-07 
it = 256 g = 1.249905e-07 
it = 257 g = 1.233323e-07 
it = 258 g = 1.214507e-07 
it = 259 g = 1.189068e-07 
it = 260 g = 1.172212e-07 
it = 261 g = 1.146563e-07 
it = 262 g = 1.125241e-07 
it = 263 g = 1.102186e-07 
it = 264 g = 1.089570e-07 
it = 265 g = 1.071822e-07 
it = 266 g = 1.050551e-07 
it = 267 g = 1.037513e-07 
it = 268 g = 1.023116e-07 
it = 269 g = 9.897663e-08 
 problem solved
That will do.
Super DIIS has been notified
Your guess = 2.731857e-05 
DIIS has been notified
Your guess = 8.176608e-07 
it = 1 g = 1.103174e-06 
it = 2 g = 9.024598e-07 
it = 3 g = 4.609223e-05 
it = 4 g = 1.748021e-06 
it = 5 g = 1.405411e-07 
it = 6 g = 1.072166e-07 
it = 7 g = 8.996303e-08 
 problem solved
 That was easy.
super-it = 1 g = 2.729428e-05 
DIIS has been notified
Your guess = 4.513685e-07 
it = 1 g = 6.053353e-07 
it = 2 g = 4.961805e-07 
it = 3 g = 2.938371e-05 
it = 4 g = 1.831316e-06 
it = 5 g = 5.538699e-07 
it = 6 g = 4.124358e-07 
it = 7 g = 1.303721e-07 
it = 8 g = 9.332072e-08 
 problem solved
 That was easy.
super-it = 2 g = 2.731563e-05 
DIIS has been notified
Your guess = 5.171453e-04 
it = 1 g = 7.004688e-04 
it = 2 g = 5.716800e-04 
it = 3 g = 1.047556e-01 
it = 4 g = 1.105635e-03 
it = 5 g = 2.673676e-04 
it = 6 g = 1.798728e-04 
it = 7 g = 2.227363e-05 
it = 8 g = 7.566054e-06 
it = 9 g = 7.816829e-06 
it = 10 g = 1.654239e-05 
it = 11 g = 2.014169e-05 
it = 12 g = 6.735140e-06 
it = 13 g = 4.526153e-06 
it = 14 g = 3.413197e-06 
it = 15 g = 3.119520e-06 
it = 16 g = 3.057628e-06 
it = 17 g = 3.033961e-06 
it = 18 g = 2.964675e-06 
it = 19 g = 2.899267e-06 
it = 20 g = 2.850305e-06 
it = 21 g = 2.837226e-06 
it = 22 g = 2.831147e-06 
it = 23 g = 2.794444e-06 
it = 24 g = 2.775312e-06 
it = 25 g = 2.769448e-06 
it = 26 g = 2.752082e-06 
it = 27 g = 2.700623e-06 
it = 28 g = 2.679653e-06 
it = 29 g = 2.653850e-06 
it = 30 g = 2.631157e-06 
it = 31 g = 2.600987e-06 
it = 32 g = 2.565166e-06 
it = 33 g = 2.553566e-06 
it = 34 g = 2.536215e-06 
it = 35 g = 2.484385e-06 
it = 36 g = 2.427403e-06 
it = 37 g = 2.380044e-06 
it = 38 g = 2.350455e-06 
it = 39 g = 2.296722e-06 
it = 40 g = 2.270464e-06 
it = 41 g = 2.236265e-06 
it = 42 g = 2.180380e-06 
it = 43 g = 2.109186e-06 
it = 44 g = 2.083453e-06 
it = 45 g = 2.032355e-06 
it = 46 g = 1.927807e-06 
it = 47 g = 1.749352e-06 
it = 48 g = 1.583323e-06 
it = 49 g = 1.517868e-06 
it = 50 g = 1.422729e-06 
it = 51 g = 1.304220e-06 
it = 52 g = 1.251348e-06 
it = 53 g = 1.103739e-06 
it = 54 g = 9.762201e-07 
it = 55 g = 9.419304e-07 
it = 56 g = 8.912052e-07 
it = 57 g = 8.353990e-07 
it = 58 g = 7.635301e-07 
it = 59 g = 7.092248e-07 
it = 60 g = 6.604726e-07 
it = 61 g = 5.949217e-07 
it = 62 g = 5.144694e-07 
it = 63 g = 4.796443e-07 
it = 64 g = 4.587288e-07 
it = 65 g = 3.994576e-07 
it = 66 g = 3.327476e-07 
it = 67 g = 2.872576e-07 
it = 68 g = 2.729742e-07 
it = 69 g = 2.633154e-07 
it = 70 g = 2.573640e-07 
it = 71 g = 2.410894e-07 
it = 72 g = 2.089432e-07 
it = 73 g = 1.966591e-07 
it = 74 g = 1.894475e-07 
it = 75 g = 1.774468e-07 
it = 76 g = 1.602316e-07 
it = 77 g = 1.527320e-07 
it = 78 g = 1.493903e-07 
it = 79 g = 1.459731e-07 
it = 80 g = 1.236580e-07 
it = 81 g = 1.037393e-07 
it = 82 g = 9.510224e-08 
 problem solved
 That was easy.
super-it = 3 g = 2.442023e-05 
DIIS has been notified
Your guess = 4.316318e-03 
it = 1 g = 5.849118e-03 
it = 2 g = 4.772315e-03 
it = 3 g = 2.203463e-02 
it = 4 g = 9.356506e-03 
it = 5 g = 7.315977e-04 
it = 6 g = 4.390852e-04 
it = 7 g = 2.220350e-04 
it = 8 g = 6.477754e-05 
it = 9 g = 6.565216e-05 
it = 10 g = 2.903397e-04 
it = 11 g = 2.021035e-04 
it = 12 g = 2.969299e-05 
it = 13 g = 2.898646e-05 
it = 14 g = 2.789086e-05 
it = 15 g = 2.628832e-05 
it = 16 g = 2.454798e-05 
it = 17 g = 2.425517e-05 
it = 18 g = 2.412486e-05 
it = 19 g = 2.350273e-05 
it = 20 g = 2.303649e-05 
it = 21 g = 2.276825e-05 
it = 22 g = 2.265244e-05 
it = 23 g = 2.221813e-05 
it = 24 g = 2.209067e-05 
it = 25 g = 2.202598e-05 
it = 26 g = 2.197722e-05 
it = 27 g = 2.187852e-05 
it = 28 g = 2.174767e-05 
it = 29 g = 2.167379e-05 
it = 30 g = 2.151928e-05 
it = 31 g = 2.134247e-05 
it = 32 g = 2.130086e-05 
it = 33 g = 2.125557e-05 
it = 34 g = 2.119836e-05 
it = 35 g = 2.108228e-05 
it = 36 g = 2.099508e-05 
it = 37 g = 2.089308e-05 
it = 38 g = 2.076246e-05 
it = 39 g = 2.036530e-05 
it = 40 g = 2.016611e-05 
it = 41 g = 1.989696e-05 
it = 42 g = 1.960312e-05 
it = 43 g = 1.950573e-05 
it = 44 g = 1.879540e-05 
it = 45 g = 1.854479e-05 
it = 46 g = 1.835220e-05 
it = 47 g = 1.766686e-05 
it = 48 g = 1.739506e-05 
it = 49 g = 1.712872e-05 
it = 50 g = 1.607091e-05 
it = 51 g = 1.563567e-05 
it = 52 g = 1.522988e-05 
it = 53 g = 1.492533e-05 
it = 54 g = 1.480420e-05 
it = 55 g = 1.485752e-05 
it = 56 g = 1.456242e-05 
it = 57 g = 1.422749e-05 
it = 58 g = 1.422279e-05 
it = 59 g = 1.369864e-05 
it = 60 g = 1.336213e-05 
it = 61 g = 1.580001e-05 
it = 62 g = 1.183361e-05 
it = 63 g = 1.199202e-05 
it = 64 g = 1.313955e-05 
it = 65 g = 8.714174e-06 
it = 66 g = 1.099048e-05 
it = 67 g = 6.670464e-06 
it = 68 g = 6.095891e-06 
it = 69 g = 6.150034e-06 
it = 70 g = 4.959289e-06 
it = 71 g = 4.758367e-06 
it = 72 g = 4.996203e-06 
it = 73 g = 4.257690e-06 
it = 74 g = 6.251791e-06 
it = 75 g = 4.276602e-06 
it = 76 g = 3.699895e-06 
it = 77 g = 3.380360e-06 
it = 78 g = 2.981511e-06 
it = 79 g = 2.899523e-06 
it = 80 g = 2.659327e-06 
it = 81 g = 2.441700e-06 
it = 82 g = 2.203834e-06 
it = 83 g = 1.905758e-06 
it = 84 g = 1.816645e-06 
it = 85 g = 1.656060e-06 
it = 86 g = 1.540825e-06 
it = 87 g = 1.464266e-06 
it = 88 g = 1.362334e-06 
it = 89 g = 1.164243e-06 
it = 90 g = 1.032466e-06 
it = 91 g = 9.570672e-07 
it = 92 g = 8.106463e-07 
it = 93 g = 7.254845e-07 
it = 94 g = 6.471008e-07 
it = 95 g = 6.108374e-07 
it = 96 g = 5.824262e-07 
it = 97 g = 5.345689e-07 
it = 98 g = 5.139393e-07 
it = 99 g = 4.933391e-07 
it = 100 g = 4.419561e-07 
it = 101 g = 3.848279e-07 
it = 102 g = 3.639596e-07 
it = 103 g = 2.579168e-07 
it = 104 g = 1.790582e-07 
it = 105 g = 1.538838e-07 
it = 106 g = 1.367774e-07 
it = 107 g = 1.234605e-07 
it = 108 g = 1.048980e-07 
it = 109 g = 9.230107e-08 
 problem solved
That will do.
super-it = 4 g = 2.223868e-06 
DIIS has been notified
Your guess = 3.565400e-04 
it = 1 g = 4.835807e-04 
it = 2 g = 3.941970e-04 
it = 3 g = 1.065318e-02 
it = 4 g = 7.468199e-04 
it = 5 g = 4.083669e-05 
it = 6 g = 1.497577e-05 
it = 7 g = 1.206517e-05 
it = 8 g = 9.086465e-06 
it = 9 g = 4.001247e-06 
it = 10 g = 4.683221e-06 
it = 11 g = 4.553332e-06 
it = 12 g = 3.482714e-06 
it = 13 g = 2.451575e-06 
it = 14 g = 2.367996e-06 
it = 15 g = 2.304031e-06 
it = 16 g = 2.097643e-06 
it = 17 g = 2.067312e-06 
it = 18 g = 2.050911e-06 
it = 19 g = 1.983167e-06 
it = 20 g = 1.941600e-06 
it = 21 g = 1.933492e-06 
it = 22 g = 1.917189e-06 
it = 23 g = 1.899191e-06 
it = 24 g = 1.883111e-06 
it = 25 g = 1.867707e-06 
it = 26 g = 1.860952e-06 
it = 27 g = 1.850126e-06 
it = 28 g = 1.838731e-06 
it = 29 g = 1.831760e-06 
it = 30 g = 1.825544e-06 
it = 31 g = 1.816187e-06 
it = 32 g = 1.812907e-06 
it = 33 g = 1.805344e-06 
it = 34 g = 1.788572e-06 
it = 35 g = 1.782157e-06 
it = 36 g = 1.775764e-06 
it = 37 g = 1.768974e-06 
it = 38 g = 1.760311e-06 
it = 39 g = 1.749933e-06 
it = 40 g = 1.744391e-06 
it = 41 g = 1.736034e-06 
it = 42 g = 1.708852e-06 
it = 43 g = 1.696760e-06 
it = 44 g = 1.677759e-06 
it = 45 g = 1.637558e-06 
it = 46 g = 1.619245e-06 
it = 47 g = 1.607590e-06 
it = 48 g = 1.594143e-06 
it = 49 g = 1.580904e-06 
it = 50 g = 1.520980e-06 
it = 51 g = 1.477415e-06 
it = 52 g = 1.420021e-06 
it = 53 g = 1.287349e-06 
it = 54 g = 1.221461e-06 
it = 55 g = 1.200180e-06 
it = 56 g = 1.140046e-06 
it = 57 g = 9.643670e-07 
it = 58 g = 8.931531e-07 
it = 59 g = 7.997908e-07 
it = 60 g = 7.199117e-07 
it = 61 g = 6.855569e-07 
it = 62 g = 6.648361e-07 
it = 63 g = 6.101082e-07 
it = 64 g = 5.689093e-07 
it = 65 g = 5.303592e-07 
it = 66 g = 4.432310e-07 
it = 67 g = 3.588432e-07 
it = 68 g = 3.364136e-07 
it = 69 g = 3.018642e-07 
it = 70 g = 2.721714e-07 
it = 71 g = 2.489503e-07 
it = 72 g = 1.925885e-07 
it = 73 g = 1.670192e-07 
it = 74 g = 1.557882e-07 
it = 75 g = 1.497440e-07 
it = 76 g = 1.206753e-07 
it = 77 g = 1.021281e-07 
it = 78 g = 9.059629e-08 
 problem solved
 That was easy.
super-it = 5 g = 3.876018e-07 
 superproblem solved
 That was easy.
Super DIIS has been notified
Your guess = 3.855577e-02 
DIIS has been notified
Your guess = 2.114821e-03 
it = 1 g = 2.958459e-03 
it = 2 g = 2.365024e-03 
it = 3 g = 4.023554e-04 
it = 4 g = 3.438047e-04 
it = 5 g = 8.717923e-05 
it = 6 g = 5.194148e-05 
it = 7 g = 2.436789e-05 
it = 8 g = 1.797097e-05 
it = 9 g = 2.171430e-05 
it = 10 g = 2.349775e-05 
it = 11 g = 1.864685e-05 
it = 12 g = 1.529912e-05 
it = 13 g = 1.523902e-05 
it = 14 g = 1.517462e-05 
it = 15 g = 1.494788e-05 
it = 16 g = 1.492417e-05 
it = 17 g = 1.491780e-05 
it = 18 g = 1.489752e-05 
it = 19 g = 1.479081e-05 
it = 20 g = 1.466574e-05 
it = 21 g = 1.452176e-05 
it = 22 g = 1.440190e-05 
it = 23 g = 1.416604e-05 
it = 24 g = 1.401452e-05 
it = 25 g = 1.383374e-05 
it = 26 g = 1.372686e-05 
it = 27 g = 1.347223e-05 
it = 28 g = 1.322452e-05 
it = 29 g = 1.288403e-05 
it = 30 g = 1.199744e-05 
it = 31 g = 1.068987e-05 
it = 32 g = 1.035221e-05 
it = 33 g = 1.000420e-05 
it = 34 g = 9.543164e-06 
it = 35 g = 9.725092e-06 
it = 36 g = 8.164591e-06 
it = 37 g = 7.570717e-06 
it = 38 g = 8.614550e-06 
it = 39 g = 6.673408e-06 
it = 40 g = 5.903312e-06 
it = 41 g = 7.245122e-06 
it = 42 g = 4.793386e-06 
it = 43 g = 4.247649e-06 
it = 44 g = 3.867781e-06 
it = 45 g = 3.586962e-06 
it = 46 g = 3.139773e-06 
it = 47 g = 3.381012e-06 
it = 48 g = 2.585028e-06 
it = 49 g = 2.110848e-06 
it = 50 g = 1.877996e-06 
it = 51 g = 1.691569e-06 
it = 52 g = 1.574674e-06 
it = 53 g = 1.490079e-06 
it = 54 g = 1.399290e-06 
it = 55 g = 1.324531e-06 
it = 56 g = 1.113738e-06 
it = 57 g = 1.011956e-06 
it = 58 g = 9.170154e-07 
it = 59 g = 8.027722e-07 
it = 60 g = 7.517162e-07 
it = 61 g = 6.683783e-07 
it = 62 g = 6.385024e-07 
it = 63 g = 5.937423e-07 
it = 64 g = 5.656061e-07 
it = 65 g = 5.434480e-07 
it = 66 g = 4.739607e-07 
it = 67 g = 3.614258e-07 
it = 68 g = 3.287823e-07 
it = 69 g = 3.006265e-07 
it = 70 g = 2.689916e-07 
it = 71 g = 2.156592e-07 
it = 72 g = 1.844087e-07 
it = 73 g = 1.739462e-07 
it = 74 g = 1.596415e-07 
it = 75 g = 1.540290e-07 
it = 76 g = 1.512739e-07 
it = 77 g = 1.372924e-07 
it = 78 g = 1.161862e-07 
it = 79 g = 1.062086e-07 
it = 80 g = 1.042611e-07 
it = 81 g = 9.792624e-08 
 problem solved
 That was easy.
Super DIIS has been notified
Your guess = 2.269794e-08 
 superproblem solved
 That was easy.
 You hit the nail on the head.
super-it = 1 g = 3.770995e-02 
DIIS has been notified
Your guess = 1.034490e-03 
it = 1 g = 1.447245e-03 
it = 2 g = 1.159394e-03 
it = 3 g = 2.054749e-04 
it = 4 g = 1.846810e-04 
it = 5 g = 4.948777e-05 
it = 6 g = 1.241492e-05 
it = 7 g = 1.184936e-05 
it = 8 g = 1.116141e-05 
it = 9 g = 1.078632e-05 
it = 10 g = 9.531846e-06 
it = 11 g = 7.583276e-06 
it = 12 g = 7.516332e-06 
it = 13 g = 7.485098e-06 
it = 14 g = 7.413834e-06 
it = 15 g = 7.391227e-06 
it = 16 g = 7.328279e-06 
it = 17 g = 7.319759e-06 
it = 18 g = 7.274020e-06 
it = 19 g = 7.135946e-06 
it = 20 g = 7.097971e-06 
it = 21 g = 7.080014e-06 
it = 22 g = 6.944554e-06 
it = 23 g = 6.872710e-06 
it = 24 g = 6.715998e-06 
it = 25 g = 6.482060e-06 
it = 26 g = 6.302290e-06 
it = 27 g = 6.158018e-06 
it = 28 g = 5.954875e-06 
it = 29 g = 5.609303e-06 
it = 30 g = 5.408028e-06 
it = 31 g = 5.165666e-06 
it = 32 g = 4.255067e-06 
it = 33 g = 3.780754e-06 
it = 34 g = 3.683736e-06 
it = 35 g = 3.419087e-06 
it = 36 g = 3.407441e-06 
it = 37 g = 2.646735e-06 
it = 38 g = 2.027838e-06 
it = 39 g = 1.876770e-06 
it = 40 g = 1.826172e-06 
it = 41 g = 1.658392e-06 
it = 42 g = 1.526178e-06 
it = 43 g = 1.409164e-06 
it = 44 g = 1.317712e-06 
it = 45 g = 1.226014e-06 
it = 46 g = 1.144519e-06 
it = 47 g = 9.724008e-07 
it = 48 g = 8.427596e-07 
it = 49 g = 7.981519e-07 
it = 50 g = 7.046709e-07 
it = 51 g = 6.771176e-07 
it = 52 g = 5.910583e-07 
it = 53 g = 5.435507e-07 
it = 54 g = 5.116744e-07 
it = 55 g = 3.978220e-07 
it = 56 g = 3.639784e-07 
it = 57 g = 3.430231e-07 
it = 58 g = 3.183405e-07 
it = 59 g = 3.001534e-07 
it = 60 g = 2.844641e-07 
it = 61 g = 2.686880e-07 
it = 62 g = 2.486186e-07 
it = 63 g = 2.346548e-07 
it = 64 g = 2.238753e-07 
it = 65 g = 2.027489e-07 
it = 66 g = 1.886128e-07 
it = 67 g = 1.778591e-07 
it = 68 g = 1.600261e-07 
it = 69 g = 1.303488e-07 
it = 70 g = 1.228340e-07 
it = 71 g = 1.098914e-07 
it = 72 g = 1.054657e-07 
it = 73 g = 8.629714e-08 
 problem solved
 That was easy.
Super DIIS has been notified
Your guess = 8.139545e-07 
 superproblem solved
 That was easy.
 You hit the nail on the head.
super-it = 2 g = 3.812358e-02 
DIIS has been notified
Your guess = 9.440069e-02 
it = 1 g = 1.313667e-01 
it = 2 g = 7.758382e-02 
it = 3 g = 8.993085e-03 
it = 4 g = 2.230860e-03 
it = 5 g = 2.658867e-03 
it = 6 g = 1.912632e-03 
it = 7 g = 1.040362e-03 
it = 8 g = 1.109460e-03 
it = 9 g = 1.974672e-03 
it = 10 g = 1.887754e-03 
it = 11 g = 9.675994e-04 
it = 12 g = 1.298210e-03 
it = 13 g = 6.980056e-04 
it = 14 g = 6.973282e-04 
it = 15 g = 6.926910e-04 
it = 16 g = 6.827727e-04 
it = 17 g = 6.734900e-04 
it = 18 g = 6.723822e-04 
it = 19 g = 7.017546e-04 
it = 20 g = 6.788799e-04 
it = 21 g = 6.652401e-04 
it = 22 g = 7.122524e-04 
it = 23 g = 7.174873e-04 
it = 24 g = 6.555408e-04 
it = 25 g = 9.251234e-04 
it = 26 g = 7.222353e-04 
it = 27 g = 6.824080e-04 
it = 28 g = 6.192598e-04 
it = 29 g = 5.935607e-04 
it = 30 g = 6.001178e-04 
it = 31 g = 6.710602e-04 
it = 32 g = 5.934752e-04 
it = 33 g = 6.351879e-04 
it = 34 g = 5.802553e-04 
it = 35 g = 5.782891e-04 
it = 36 g = 5.732475e-04 
it = 37 g = 5.663362e-04 
it = 38 g = 5.603447e-04 
it = 39 g = 5.572586e-04 
it = 40 g = 5.404119e-04 
it = 41 g = 5.401761e-04 
it = 42 g = 5.290322e-04 
it = 43 g = 7.754232e-04 
it = 44 g = 5.272231e-04 
it = 45 g = 1.033796e-03 
it = 46 g = 9.789450e-04 
it = 47 g = 5.941618e-04 
it = 48 g = 5.742330e-04 
it = 49 g = 4.839409e-04 
it = 50 g = 5.390850e-04 
it = 51 g = 4.661635e-04 
it = 52 g = 9.246789e-04 
it = 53 g = 1.295140e-03 
it = 54 g = 7.296677e-04 
it = 55 g = 5.389154e-04 
it = 56 g = 1.806869e-03 
it = 57 g = 1.367664e-03 
it = 58 g = 2.353845e-03 
it = 59 g = 1.106372e-03 
it = 60 g = 2.788333e-03 
it = 61 g = 5.284123e-04 
it = 62 g = 3.905283e-04 
it = 63 g = 6.540119e-03 
it = 64 g = 4.576122e-03 
it = 65 g = 1.173962e-03 
it = 66 g = 5.291333e-04 
it = 67 g = 2.354086e-03 
it = 68 g = 2.097779e-03 
it = 69 g = 7.410766e-03 
it = 70 g = 6.818336e-03 
it = 71 g = 6.918940e-03 
it = 72 g = 5.167022e-03 
it = 73 g = 7.711641e-03 
it = 74 g = 5.705616e-03 
it = 75 g = 7.611598e-03 
it = 76 g = 7.591918e-03 
it = 77 g = 6.613947e-03 
it = 78 g = 1.325209e-03 
it = 79 g = 1.825024e-03 
it = 80 g = 7.058863e-03 
it = 81 g = 6.573389e-03 
it = 82 g = 6.837103e-03 
it = 83 g = 6.765245e-03 
it = 84 g = 3.777282e-03 
it = 85 g = 6.023450e-03 
it = 86 g = 7.047624e-03 
it = 87 g = 5.600893e-03 
it = 88 g = 5.402996e-03 
it = 89 g = 8.365335e-03 
it = 90 g = 2.605770e-03 
it = 91 g = 1.527453e-03 
it = 92 g = 8.208106e-04 
it = 93 g = 5.760611e-03 
it = 94 g = 7.465427e-03 
it = 95 g = 6.534214e-03 
it = 96 g = 6.193239e-03 
it = 97 g = 6.462950e-03 
it = 98 g = 6.461521e-03 
it = 99 g = 4.889035e-03 
it = 100 g = 6.507181e-03 
it = 101 g = 2.828538e-03 
it = 102 g = 8.051168e-04 
it = 103 g = 1.464945e-03 
it = 104 g = 3.534923e-03 
it = 105 g = 1.763874e-03 
it = 106 g = 1.405965e-03 
it = 107 g = 4.296434e-04 
it = 108 g = 3.023067e-04 
it = 109 g = 1.040183e-03 
it = 110 g = 1.081480e-03 
it = 111 g = 9.903257e-04 
it = 112 g = 9.071174e-04 
it = 113 g = 2.845887e-04 
it = 114 g = 1.022197e-03 
it = 115 g = 4.460951e-04 
it = 116 g = 1.013902e-03 
it = 117 g = 7.560603e-04 
it = 118 g = 2.088232e-04 
it = 119 g = 3.190785e-04 
it = 120 g = 2.294149e-04 
it = 121 g = 8.561463e-04 
it = 122 g = 4.419957e-04 
it = 123 g = 1.924838e-04 
it = 124 g = 6.229644e-04 
it = 125 g = 2.498728e-04 
it = 126 g = 1.103803e-03 
it = 127 g = 5.545357e-04 
it = 128 g = 1.833654e-04 
it = 129 g = 4.059687e-04 
it = 130 g = 4.987077e-04 
it = 131 g = 1.199959e-03 
it = 132 g = 1.622446e-04 
it = 133 g = 2.889304e-04 
it = 134 g = 2.026290e-04 
it = 135 g = 3.231860e-04 
it = 136 g = 1.489829e-04 
it = 137 g = 1.732137e-04 
it = 138 g = 3.023724e-04 
it = 139 g = 1.722487e-03 
it = 140 g = 2.989487e-04 
it = 141 g = 1.707101e-04 
it = 142 g = 2.493682e-04 
it = 143 g = 6.684906e-04 
it = 144 g = 4.272059e-04 
it = 145 g = 3.129262e-04 
it = 146 g = 5.952855e-04 
it = 147 g = 1.159056e-03 
it = 148 g = 5.686192e-04 
it = 149 g = 6.595998e-04 
it = 150 g = 1.005858e-04 
it = 151 g = 1.151119e-04 
it = 152 g = 9.892223e-05 
it = 153 g = 1.309815e-04 
it = 154 g = 8.444447e-05 
it = 155 g = 1.346350e-04 
it = 156 g = 1.314281e-04 
it = 157 g = 1.505870e-04 
it = 158 g = 9.637816e-05 
it = 159 g = 2.630853e-04 
it = 160 g = 7.091191e-05 
it = 161 g = 6.425350e-05 
it = 162 g = 9.939479e-05 
it = 163 g = 5.505031e-05 
it = 164 g = 1.929433e-04 
it = 165 g = 5.388603e-05 
it = 166 g = 2.194338e-04 
it = 167 g = 5.211274e-05 
it = 168 g = 4.904173e-05 
it = 169 g = 1.249222e-04 
it = 170 g = 1.371016e-04 
it = 171 g = 6.009383e-05 
it = 172 g = 1.763790e-04 
it = 173 g = 4.238174e-05 
it = 174 g = 3.348725e-05 
it = 175 g = 4.196690e-05 
it = 176 g = 2.523578e-05 
it = 177 g = 3.226891e-05 
it = 178 g = 2.293442e-05 
it = 179 g = 3.479923e-05 
it = 180 g = 4.185437e-05 
it = 181 g = 2.034902e-05 
it = 182 g = 2.866919e-05 
it = 183 g = 1.717527e-05 
it = 184 g = 1.614936e-05 
it = 185 g = 1.702677e-05 
it = 186 g = 4.674716e-05 
it = 187 g = 1.415223e-05 
it = 188 g = 1.694665e-05 
it = 189 g = 4.164232e-05 
it = 190 g = 2.271105e-05 
it = 191 g = 1.176634e-05 
it = 192 g = 1.153822e-05 
it = 193 g = 1.200606e-05 
it = 194 g = 1.239439e-05 
it = 195 g = 9.574247e-06 
it = 196 g = 8.554022e-06 
it = 197 g = 8.464192e-06 
it = 198 g = 8.091708e-06 
it = 199 g = 7.772105e-06 
it = 200 g = 7.287688e-06 
it = 201 g = 7.045643e-06 
it = 202 g = 6.808349e-06 
it = 203 g = 6.667319e-06 
it = 204 g = 6.546423e-06 
it = 205 g = 6.379792e-06 
it = 206 g = 6.255135e-06 
it = 207 g = 6.188988e-06 
it = 208 g = 6.139371e-06 
it = 209 g = 6.007275e-06 
it = 210 g = 5.553094e-06 
it = 211 g = 5.308389e-06 
it = 212 g = 4.938761e-06 
it = 213 g = 4.311030e-06 
it = 214 g = 3.980541e-06 
it = 215 g = 3.451321e-06 
it = 216 g = 2.996263e-06 
it = 217 g = 2.698468e-06 
it = 218 g = 2.229628e-06 
it = 219 g = 1.861871e-06 
it = 220 g = 1.674786e-06 
it = 221 g = 1.569438e-06 
it = 222 g = 1.747071e-06 
it = 223 g = 1.224555e-06 
it = 224 g = 1.168560e-06 
it = 225 g = 1.209847e-06 
it = 226 g = 1.003258e-06 
it = 227 g = 9.236670e-07 
it = 228 g = 9.870401e-07 
it = 229 g = 8.253459e-07 
it = 230 g = 7.711081e-07 
it = 231 g = 7.097527e-07 
it = 232 g = 6.024227e-07 
it = 233 g = 5.517624e-07 
it = 234 g = 5.238405e-07 
it = 235 g = 4.658061e-07 
it = 236 g = 3.878224e-07 
it = 237 g = 3.643270e-07 
it = 238 g = 3.430621e-07 
it = 239 g = 2.897304e-07 
it = 240 g = 2.192868e-07 
it = 241 g = 1.986873e-07 
it = 242 g = 1.885576e-07 
it = 243 g = 1.708813e-07 
it = 244 g = 1.444422e-07 
it = 245 g = 1.356437e-07 
it = 246 g = 1.317934e-07 
it = 247 g = 1.120725e-07 
it = 248 g = 9.213833e-08 
 problem solved
That will do.
Super DIIS has been notified
Your guess = 6.226625e-07 
 superproblem solved
 That was easy.
 You hit the nail on the head.
super-it = 3 g = 7.472876e-04 
DIIS has been notified
Your guess = 1.837995e-03 
it = 1 g = 2.557391e-03 
it = 2 g = 2.059240e-03 
it = 3 g = 2.326496e-05 
it = 4 g = 1.722564e-05 
it = 5 g = 1.662328e-05 
it = 6 g = 1.667498e-05 
it = 7 g = 2.168497e-05 
it = 8 g = 4.111376e-05 
it = 9 g = 4.293694e-05 
it = 10 g = 4.300435e-05 
it = 11 g = 3.046535e-05 
it = 12 g = 1.333908e-05 
it = 13 g = 1.329063e-05 
it = 14 g = 1.322582e-05 
it = 15 g = 1.310545e-05 
it = 16 g = 1.292609e-05 
it = 17 g = 1.289259e-05 
it = 18 g = 1.280954e-05 
it = 19 g = 1.271552e-05 
it = 20 g = 1.245563e-05 
it = 21 g = 1.220291e-05 
it = 22 g = 1.189125e-05 
it = 23 g = 1.168107e-05 
it = 24 g = 1.148399e-05 
it = 25 g = 1.129633e-05 
it = 26 g = 1.092094e-05 
it = 27 g = 1.056532e-05 
it = 28 g = 1.022916e-05 
it = 29 g = 9.000209e-06 
it = 30 g = 8.446859e-06 
it = 31 g = 8.176600e-06 
it = 32 g = 7.988299e-06 
it = 33 g = 6.876035e-06 
it = 34 g = 6.101029e-06 
it = 35 g = 5.649019e-06 
it = 36 g = 5.475110e-06 
it = 37 g = 5.130097e-06 
it = 38 g = 4.926894e-06 
it = 39 g = 4.670094e-06 
it = 40 g = 4.408385e-06 
it = 41 g = 4.211199e-06 
it = 42 g = 4.239082e-06 
it = 43 g = 3.376216e-06 
it = 44 g = 2.917540e-06 
it = 45 g = 2.791716e-06 
it = 46 g = 2.619649e-06 
it = 47 g = 2.201004e-06 
it = 48 g = 1.974199e-06 
it = 49 g = 1.832760e-06 
it = 50 g = 1.556579e-06 
it = 51 g = 1.365581e-06 
it = 52 g = 1.310386e-06 
it = 53 g = 1.086434e-06 
it = 54 g = 1.029677e-06 
it = 55 g = 9.292954e-07 
it = 56 g = 8.672518e-07 
it = 57 g = 8.162394e-07 
it = 58 g = 7.614050e-07 
it = 59 g = 6.466595e-07 
it = 60 g = 6.042894e-07 
it = 61 g = 5.722350e-07 
it = 62 g = 5.421328e-07 
it = 63 g = 4.712641e-07 
it = 64 g = 3.565388e-07 
it = 65 g = 3.206856e-07 
it = 66 g = 2.888375e-07 
it = 67 g = 2.274147e-07 
it = 68 g = 1.800963e-07 
it = 69 g = 1.724841e-07 
it = 70 g = 1.679036e-07 
it = 71 g = 1.504496e-07 
it = 72 g = 1.339901e-07 
it = 73 g = 1.254088e-07 
it = 74 g = 1.118835e-07 
it = 75 g = 1.022026e-07 
it = 76 g = 9.949619e-08 
 problem solved
 That was easy.
Super DIIS has been notified
Your guess = 2.181739e-07 
 superproblem solved
 That was easy.
 You hit the nail on the head.
super-it = 4 g = 1.141474e-05 
DIIS has been notified
Your guess = 2.817311e-05 
it = 1 g = 3.920085e-05 
it = 2 g = 3.152994e-05 
it = 3 g = 8.807360e-07 
it = 4 g = 8.768114e-07 
it = 5 g = 7.119308e-07 
it = 6 g = 5.853533e-07 
it = 7 g = 4.989045e-07 
it = 8 g = 6.922462e-07 
it = 9 g = 5.011499e-07 
it = 10 g = 4.199334e-07 
it = 11 g = 2.948604e-07 
it = 12 g = 1.830044e-07 
it = 13 g = 1.819973e-07 
it = 14 g = 1.803770e-07 
it = 15 g = 1.784855e-07 
it = 16 g = 1.784028e-07 
it = 17 g = 1.783237e-07 
it = 18 g = 1.775169e-07 
it = 19 g = 1.736163e-07 
it = 20 g = 1.725567e-07 
it = 21 g = 1.711933e-07 
it = 22 g = 1.703575e-07 
it = 23 g = 1.658860e-07 
it = 24 g = 1.607953e-07 
it = 25 g = 1.583926e-07 
it = 26 g = 1.563140e-07 
it = 27 g = 1.521418e-07 
it = 28 g = 1.503841e-07 
it = 29 g = 1.448594e-07 
it = 30 g = 1.337353e-07 
it = 31 g = 1.297705e-07 
it = 32 g = 1.275048e-07 
it = 33 g = 1.257369e-07 
it = 34 g = 1.215956e-07 
it = 35 g = 1.139551e-07 
it = 36 g = 1.112283e-07 
it = 37 g = 1.093917e-07 
it = 38 g = 1.031517e-07 
it = 39 g = 9.993270e-08 
 problem solved
 That was easy.
Super DIIS has been notified
Your guess = 7.854708e-07 
 superproblem solved
 That was easy.
 You hit the nail on the head.
super-it = 5 g = 2.161102e-07 
 superproblem solved
 That was easy.
